<?xml version="1.0" encoding="UTF-8"?>
<!-- Generated by org.testng.reporters.JUnitReportReporter -->
<testsuite hostname="DESKTOP-9DR66BC" failures="0" tests="1" name="TestNG.Test1" time="0.012" errors="0" timestamp="2024-12-14T11:34:13 IST" skipped="0">
  <testcase classname="TestNG.Test1" name="test1" time="0.012"/>
  <system-out/>
</testsuite> <!-- TestNG.Test1 -->
