<?xml version="1.0" encoding="UTF-8"?>
<!-- Generated by org.testng.reporters.JUnitReportReporter -->
<testsuite hostname="DESKTOP-9DR66BC" failures="0" tests="1" name="TestNG.CreateCampaign" time="8.001" errors="0" timestamp="2024-12-14T12:15:40 IST" skipped="0">
  <testcase classname="TestNG.CreateCampaign" name="CreateCampaignTest" time="8.001"/>
  <system-out/>
</testsuite> <!-- TestNG.CreateCampaign -->
